<?xml version="1.0" encoding="UTF-8"?>
<!-- Generated by org.testng.reporters.JUnitReportReporter -->
<testsuite skipped="0" hostname="LAPTOP-JPGV320D" name="test.ValidateCategoryBox" tests="1" failures="0" timestamp="19 Oct 2022 23:38:47 GMT" time="2.676" errors="0">
  <testcase name="ValidateCategoryCheckBox" time="2.676" classname="test.ValidateCategoryBox"/>
</testsuite> <!-- test.ValidateCategoryBox -->
